{"level":"info","message":"Connected to PostgreSQL","timestamp":"2025-06-11T23:14:15.031Z"}
{"level":"info","message":"Prisma connection established","timestamp":"2025-06-11T23:14:15.033Z"}
{"level":"info","message":"Auth Service running on port 3001","timestamp":"2025-06-11T23:14:15.034Z"}
{"level":"info","message":"Connected to PostgreSQL","timestamp":"2025-06-11T23:24:53.654Z"}
{"level":"info","message":"Prisma connection established","timestamp":"2025-06-11T23:24:53.655Z"}
{"level":"info","message":"Auth Service running on port 3001","timestamp":"2025-06-11T23:24:53.657Z"}
{"level":"info","message":"Connected to PostgreSQL","timestamp":"2025-06-12T12:33:29.998Z"}
{"level":"info","message":"Prisma connection established","timestamp":"2025-06-12T12:33:30.000Z"}
{"level":"info","message":"Auth Service running on port 3001","timestamp":"2025-06-12T12:33:30.001Z"}
{"level":"error","message":"Internal server error","status":500,"timestamp":"2025-06-12T13:01:49.947Z"}
{"level":"error","message":"Internal server error","status":500,"timestamp":"2025-06-12T13:01:49.955Z"}
{"level":"error","message":"Internal server error","status":500,"timestamp":"2025-06-12T13:01:49.958Z"}
{"level":"error","message":"Internal server error","status":500,"timestamp":"2025-06-12T13:01:49.958Z"}
{"level":"error","message":"Internal server error","status":500,"timestamp":"2025-06-12T13:01:49.959Z"}
{"level":"error","message":"Internal server error","status":500,"timestamp":"2025-06-12T13:01:49.959Z"}
{"level":"error","message":"Internal server error","status":500,"timestamp":"2025-06-12T13:01:49.960Z"}
{"level":"info","message":"Connected to PostgreSQL","timestamp":"2025-06-12T13:02:29.018Z"}
{"level":"info","message":"Prisma connection established","timestamp":"2025-06-12T13:02:29.019Z"}
{"level":"info","message":"Auth Service running on port 3001","timestamp":"2025-06-12T13:02:29.020Z"}
{"level":"error","message":"Internal server error","status":500,"timestamp":"2025-06-12T13:07:59.326Z"}
{"level":"error","message":"Internal server error","status":500,"timestamp":"2025-06-12T13:08:29.367Z"}
{"level":"info","message":"Connected to PostgreSQL","timestamp":"2025-06-12T14:23:13.997Z"}
{"level":"info","message":"Prisma connection established","timestamp":"2025-06-12T14:23:13.998Z"}
{"level":"info","message":"Auth Service running on port 3001","timestamp":"2025-06-12T14:23:14.000Z"}
{"level":"info","message":"Connected to PostgreSQL","timestamp":"2025-06-12T14:31:23.351Z"}
{"level":"info","message":"Prisma connection established","timestamp":"2025-06-12T14:31:23.352Z"}
{"level":"info","message":"Auth Service running on port 3001","timestamp":"2025-06-12T14:31:23.353Z"}
{"level":"error","message":"Internal server error","status":500,"timestamp":"2025-06-12T14:37:23.658Z"}
{"level":"error","message":"Internal server error","status":500,"timestamp":"2025-06-12T14:37:23.667Z"}
{"level":"info","message":"Connected to PostgreSQL","timestamp":"2025-06-12T14:40:06.036Z"}
{"level":"info","message":"Prisma connection established","timestamp":"2025-06-12T14:40:06.037Z"}
{"level":"info","message":"Auth Service running on port 3001","timestamp":"2025-06-12T14:40:06.039Z"}
{"level":"info","message":"Connected to PostgreSQL","timestamp":"2025-06-12T14:41:51.190Z"}
{"level":"info","message":"Prisma connection established","timestamp":"2025-06-12T14:41:51.192Z"}
{"level":"info","message":"Auth Service running on port 3001","timestamp":"2025-06-12T14:41:51.193Z"}
{"level":"error","message":"Internal server error","status":500,"timestamp":"2025-06-12T14:47:51.460Z"}
{"level":"error","message":"Internal server error","status":500,"timestamp":"2025-06-12T14:47:51.469Z"}
{"level":"error","message":"Internal server error","status":500,"timestamp":"2025-06-12T14:51:21.638Z"}
{"level":"error","message":"Internal server error","status":500,"timestamp":"2025-06-12T14:52:21.715Z"}
{"level":"error","message":"Internal server error","status":500,"timestamp":"2025-06-12T14:52:51.754Z"}
{"level":"error","message":"Internal server error","status":500,"timestamp":"2025-06-12T14:55:21.933Z"}
{"level":"info","message":"Connected to PostgreSQL","timestamp":"2025-06-12T14:58:09.778Z"}
{"level":"info","message":"Prisma connection established","timestamp":"2025-06-12T14:58:09.779Z"}
{"level":"info","message":"Auth Service running on port 3001","timestamp":"2025-06-12T14:58:09.780Z"}
{"level":"error","message":"Internal server error","status":500,"timestamp":"2025-06-12T15:01:47.208Z"}
{"level":"error","message":"Internal server error","status":500,"timestamp":"2025-06-12T15:01:47.214Z"}
{"level":"info","message":"Connected to PostgreSQL","timestamp":"2025-06-12T15:03:01.710Z"}
{"level":"info","message":"Prisma connection established","timestamp":"2025-06-12T15:03:01.713Z"}
{"level":"info","message":"Auth Service running on port 3001","timestamp":"2025-06-12T15:03:01.719Z"}
{"level":"error","message":"Internal server error","status":500,"timestamp":"2025-06-12T15:08:32.061Z"}
{"level":"info","message":"Connected to PostgreSQL","timestamp":"2025-06-12T15:17:23.631Z"}
{"level":"info","message":"Prisma connection established","timestamp":"2025-06-12T15:17:23.632Z"}
{"level":"info","message":"Auth Service running on port 3001","timestamp":"2025-06-12T15:17:23.633Z"}
{"level":"error","message":"Internal server error","status":500,"timestamp":"2025-06-12T15:23:53.965Z"}
{"level":"error","message":"Internal server error","status":500,"timestamp":"2025-06-12T15:24:23.968Z"}
{"level":"info","message":"Connected to PostgreSQL","timestamp":"2025-06-12T15:30:05.339Z"}
{"level":"info","message":"Prisma connection established","timestamp":"2025-06-12T15:30:05.341Z"}
{"level":"info","message":"Auth Service running on port 3001","timestamp":"2025-06-12T15:30:05.342Z"}
{"level":"error","message":"Internal server error","status":500,"timestamp":"2025-06-12T15:35:46.645Z"}
{"level":"info","message":"Connected to PostgreSQL","timestamp":"2025-06-12T15:37:14.224Z"}
{"level":"info","message":"Prisma connection established","timestamp":"2025-06-12T15:37:14.225Z"}
{"level":"info","message":"Auth Service running on port 3001","timestamp":"2025-06-12T15:37:14.226Z"}
{"level":"error","message":"Internal server error","status":500,"timestamp":"2025-06-12T15:42:44.510Z"}
{"level":"info","message":"Connected to PostgreSQL","timestamp":"2025-06-12T15:48:22.046Z"}
{"level":"info","message":"Prisma connection established","timestamp":"2025-06-12T15:48:22.047Z"}
{"level":"info","message":"Auth Service running on port 3001","timestamp":"2025-06-12T15:48:22.048Z"}
{"level":"error","message":"Internal server error","status":500,"timestamp":"2025-06-12T15:49:29.300Z"}
{"level":"error","message":"Internal server error","status":500,"timestamp":"2025-06-12T15:49:29.304Z"}
{"level":"error","message":"Internal server error","status":500,"timestamp":"2025-06-12T15:49:29.305Z"}
{"level":"error","message":"Internal server error","status":500,"timestamp":"2025-06-12T15:49:29.305Z"}
{"level":"error","message":"Internal server error","status":500,"timestamp":"2025-06-12T15:49:29.306Z"}
{"level":"error","message":"Internal server error","status":500,"timestamp":"2025-06-12T15:49:29.306Z"}
{"level":"info","message":"Connected to PostgreSQL","timestamp":"2025-06-12T15:51:08.245Z"}
{"level":"info","message":"Prisma connection established","timestamp":"2025-06-12T15:51:08.246Z"}
{"level":"info","message":"Auth Service running on port 3001","timestamp":"2025-06-12T15:51:08.247Z"}
{"level":"error","message":"Internal server error","status":500,"timestamp":"2025-06-12T15:57:38.605Z"}
{"level":"info","message":"Connected to PostgreSQL","timestamp":"2025-06-12T16:00:11.766Z"}
{"level":"info","message":"Prisma connection established","timestamp":"2025-06-12T16:00:11.768Z"}
{"level":"info","message":"Auth Service running on port 3001","timestamp":"2025-06-12T16:00:11.769Z"}
{"level":"error","message":"Internal server error","status":500,"timestamp":"2025-06-12T16:06:12.284Z"}
{"level":"info","message":"Connected to PostgreSQL","timestamp":"2025-06-12T16:13:51.243Z"}
{"level":"info","message":"Prisma connection established","timestamp":"2025-06-12T16:13:51.244Z"}
{"level":"info","message":"Auth Service running on port 3001","timestamp":"2025-06-12T16:13:51.245Z"}
{"level":"error","message":"Internal server error","status":500,"timestamp":"2025-06-12T16:19:11.981Z"}
{"level":"info","message":"Connected to PostgreSQL","timestamp":"2025-06-12T16:20:32.370Z"}
{"level":"info","message":"Prisma connection established","timestamp":"2025-06-12T16:20:32.372Z"}
{"level":"info","message":"Auth Service running on port 3001","timestamp":"2025-06-12T16:20:32.373Z"}
{"level":"error","message":"Internal server error","status":500,"timestamp":"2025-06-12T16:26:23.302Z"}
{"level":"info","message":"Connected to PostgreSQL","timestamp":"2025-06-12T16:26:50.085Z"}
{"level":"info","message":"Prisma connection established","timestamp":"2025-06-12T16:26:50.086Z"}
{"level":"info","message":"Auth Service running on port 3001","timestamp":"2025-06-12T16:26:50.087Z"}
{"level":"info","message":"POST /signup","timestamp":"2025-06-12T16:27:16.597Z"}
{"email":"junuchammayil@gmail.com","level":"info","message":"User registered","timestamp":"2025-06-12T16:27:16.678Z","username":"Junaid_chm"}
{"level":"info","message":"Connected to PostgreSQL","timestamp":"2025-06-12T18:09:30.183Z"}
{"level":"info","message":"Prisma connection established","timestamp":"2025-06-12T18:09:30.184Z"}
{"level":"info","message":"Auth Service running on port 3001","timestamp":"2025-06-12T18:09:30.186Z"}
{"level":"error","message":"Internal server error","status":500,"timestamp":"2025-06-12T18:12:44.661Z"}
{"level":"error","message":"Internal server error","status":500,"timestamp":"2025-06-12T18:12:44.667Z"}
{"level":"info","message":"Connected to PostgreSQL","timestamp":"2025-06-13T02:05:24.096Z"}
{"level":"info","message":"Prisma connection established","timestamp":"2025-06-13T02:05:24.097Z"}
{"level":"info","message":"Auth Service running on port 3001","timestamp":"2025-06-13T02:05:24.098Z"}
{"level":"error","message":"Internal server error","status":500,"timestamp":"2025-06-13T02:11:54.438Z"}
{"level":"info","message":"GET /health","timestamp":"2025-06-13T02:20:07.356Z"}
{"level":"info","message":"GET /signup","timestamp":"2025-06-13T02:23:31.766Z"}
{"level":"error","message":"Internal server error","status":500,"timestamp":"2025-06-13T02:34:44.231Z"}
{"level":"error","message":"Internal server error","status":500,"timestamp":"2025-06-13T02:34:44.235Z"}
{"level":"info","message":"Connected to PostgreSQL","timestamp":"2025-06-13T02:36:25.055Z"}
{"level":"info","message":"Prisma connection established","timestamp":"2025-06-13T02:36:25.058Z"}
{"level":"info","message":"Auth Service running on port 3001","timestamp":"2025-06-13T02:36:25.060Z"}
{"level":"info","message":"POST /signup","timestamp":"2025-06-13T02:37:44.057Z"}
{"email":"junuchammayil@gmail.com","level":"info","message":"User registered","timestamp":"2025-06-13T02:37:44.136Z","username":"Junaid_chm"}
{"level":"info","message":"Connected to PostgreSQL","timestamp":"2025-06-13T14:25:09.605Z"}
{"level":"info","message":"Prisma connection established","timestamp":"2025-06-13T14:25:09.606Z"}
{"level":"info","message":"Auth Service running on port 3001","timestamp":"2025-06-13T14:25:09.607Z"}
{"level":"info","message":"POST /signup","timestamp":"2025-06-13T14:27:30.848Z"}
{"level":"error","message":"Email already exists","status":400,"timestamp":"2025-06-13T14:27:30.859Z"}
{"level":"info","message":"POST /signup","timestamp":"2025-06-13T14:32:33.558Z"}
{"level":"error","message":"Email already exists","status":400,"timestamp":"2025-06-13T14:32:33.601Z"}
{"level":"info","message":"POST /signup","timestamp":"2025-06-13T14:32:34.382Z"}
{"level":"error","message":"Email already exists","status":400,"timestamp":"2025-06-13T14:32:34.385Z"}
{"level":"info","message":"POST /signup","timestamp":"2025-06-13T18:12:45.224Z"}
{"level":"error","message":"Email already exists","status":400,"timestamp":"2025-06-13T18:12:45.298Z"}
{"level":"info","message":"Connected to PostgreSQL","timestamp":"2025-06-13T22:57:10.105Z"}
{"level":"info","message":"Prisma connection established","timestamp":"2025-06-13T22:57:10.106Z"}
{"level":"info","message":"Auth Service running on port 3001","timestamp":"2025-06-13T22:57:10.108Z"}
{"level":"info","message":"POST /signup","timestamp":"2025-06-13T22:58:24.318Z"}
{"email":"junuchammayil@gmail.com","level":"info","message":"User registered","timestamp":"2025-06-13T22:58:24.394Z","username":"Junaid_chm"}
{"level":"info","message":"POST /signup","timestamp":"2025-06-13T22:58:28.676Z"}
{"level":"error","message":"Email already exists","status":400,"timestamp":"2025-06-13T22:58:28.680Z"}
{"level":"info","message":"Connected to PostgreSQL","timestamp":"2025-06-13T23:11:21.232Z"}
{"level":"info","message":"Prisma connection established","timestamp":"2025-06-13T23:11:21.233Z"}
{"level":"info","message":"Auth Service running on port 3001","timestamp":"2025-06-13T23:11:21.235Z"}
{"level":"info","message":"POST /signup","timestamp":"2025-06-13T23:12:04.118Z"}
{"level":"error","message":"Email already exists","status":400,"timestamp":"2025-06-13T23:12:04.133Z"}
{"level":"info","message":"POST /signup","timestamp":"2025-06-13T23:12:16.087Z"}
{"level":"error","message":"Email already exists","status":400,"timestamp":"2025-06-13T23:12:16.098Z"}
{"level":"info","message":"POST /signup","timestamp":"2025-06-13T23:12:17.267Z"}
{"level":"error","message":"Email already exists","status":400,"timestamp":"2025-06-13T23:12:17.277Z"}
{"level":"info","message":"Connected to PostgreSQL","timestamp":"2025-06-13T23:20:20.040Z"}
{"level":"info","message":"Prisma connection established","timestamp":"2025-06-13T23:20:20.042Z"}
{"level":"info","message":"Auth Service running on port 3001","timestamp":"2025-06-13T23:20:20.043Z"}
{"level":"info","message":"Connected to PostgreSQL","timestamp":"2025-06-13T23:34:03.389Z"}
{"level":"info","message":"Prisma connection established","timestamp":"2025-06-13T23:34:03.391Z"}
{"level":"info","message":"Auth Service running on port 3001","timestamp":"2025-06-13T23:34:03.392Z"}
{"level":"info","message":"POST /signup","timestamp":"2025-06-13T23:38:36.224Z"}
{"email":"junuchammayil@gmail.com","level":"info","message":"User registered","timestamp":"2025-06-13T23:38:36.300Z","username":"Junaid_chm"}
{"level":"info","message":"POST /signup","timestamp":"2025-06-13T23:45:01.379Z"}
{"level":"error","message":"Email already exists","status":400,"timestamp":"2025-06-13T23:45:01.430Z"}
{"level":"info","message":"Connected to PostgreSQL","timestamp":"2025-06-13T23:48:57.400Z"}
{"level":"info","message":"Prisma connection established","timestamp":"2025-06-13T23:48:57.401Z"}
{"level":"info","message":"Auth Service running on port 3001","timestamp":"2025-06-13T23:48:57.403Z"}
{"level":"info","message":"POST /signup","timestamp":"2025-06-13T23:50:40.849Z"}
{"email":"junuchammayil@gmail.com","level":"info","message":"User registered","timestamp":"2025-06-13T23:50:40.925Z","username":"Junaid_chm"}
{"level":"info","message":"Connected to PostgreSQL","timestamp":"2025-06-13T23:54:31.350Z"}
{"level":"info","message":"Prisma connection established","timestamp":"2025-06-13T23:54:31.352Z"}
{"level":"info","message":"Auth Service running on port 3001","timestamp":"2025-06-13T23:54:31.353Z"}
{"level":"info","message":"POST /signup","timestamp":"2025-06-13T23:54:40.308Z"}
{"level":"error","message":"Email already exists","status":400,"timestamp":"2025-06-13T23:54:40.324Z"}
{"level":"info","message":"Connected to PostgreSQL","timestamp":"2025-06-13T23:58:37.039Z"}
{"level":"info","message":"Prisma connection established","timestamp":"2025-06-13T23:58:37.040Z"}
{"level":"info","message":"Auth Service running on port 3001","timestamp":"2025-06-13T23:58:37.041Z"}
{"level":"info","message":"POST /signup","timestamp":"2025-06-13T23:58:58.902Z"}
{"email":"junuchammayil@gmail.com","level":"info","message":"User registered","timestamp":"2025-06-13T23:58:58.985Z","username":"Junaid_chm"}
{"level":"info","message":"POST /signup","timestamp":"2025-06-14T00:58:58.185Z"}
{"level":"error","message":"Email already exists","status":400,"timestamp":"2025-06-14T00:58:58.285Z"}
{"level":"info","message":"Connected to PostgreSQL","timestamp":"2025-06-14T01:33:34.582Z"}
{"level":"info","message":"Prisma connection established","timestamp":"2025-06-14T01:33:34.584Z"}
{"level":"info","message":"Auth Service running on port 3001","timestamp":"2025-06-14T01:33:34.586Z"}
{"level":"info","message":"POST /signup","timestamp":"2025-06-14T01:35:18.012Z"}
{"email":"junuchammayil@gmail.com","level":"info","message":"User registered","timestamp":"2025-06-14T01:35:18.096Z","username":"Junaid_chm"}
{"level":"info","message":"Connected to PostgreSQL","timestamp":"2025-06-14T01:40:03.653Z"}
{"level":"info","message":"Prisma connection established","timestamp":"2025-06-14T01:40:03.654Z"}
{"level":"info","message":"Auth Service running on port 3001","timestamp":"2025-06-14T01:40:03.656Z"}
{"level":"info","message":"POST /signup","timestamp":"2025-06-14T01:41:38.302Z"}
{"email":"junuchammayil@gmail.com","level":"info","message":"User registered","timestamp":"2025-06-14T01:41:38.378Z","username":"Junaid_chm"}
{"level":"info","message":"Connected to PostgreSQL","timestamp":"2025-06-14T01:51:01.499Z"}
{"level":"info","message":"Prisma connection established","timestamp":"2025-06-14T01:51:01.501Z"}
{"level":"info","message":"Auth Service running on port 3001","timestamp":"2025-06-14T01:51:01.502Z"}
{"level":"info","message":"POST /signup","timestamp":"2025-06-14T01:53:20.581Z"}
{"email":"junuchammayil@gmail.com","level":"info","message":"User registered","timestamp":"2025-06-14T01:53:20.655Z","username":"Junaid_chm"}
{"level":"info","message":"Connected to PostgreSQL","timestamp":"2025-06-14T13:10:49.051Z"}
{"level":"info","message":"Prisma connection established","timestamp":"2025-06-14T13:10:49.052Z"}
{"level":"info","message":"Auth Service running on port 3001","timestamp":"2025-06-14T13:10:49.053Z"}
{"level":"info","message":"POST /signup","timestamp":"2025-06-14T13:11:35.510Z"}
{"email":"junuchammayil@gmail.com","level":"info","message":"User registered","timestamp":"2025-06-14T13:11:35.588Z","username":"Junaid_chm"}
{"level":"info","message":"POST /signup","timestamp":"2025-06-14T13:33:40.043Z"}
{"level":"error","message":"Email already exists","status":400,"timestamp":"2025-06-14T13:33:40.102Z"}
{"level":"info","message":"POST /signup","timestamp":"2025-06-14T13:33:42.515Z"}
{"level":"error","message":"Email already exists","status":400,"timestamp":"2025-06-14T13:33:42.518Z"}
{"level":"info","message":"POST /signup","timestamp":"2025-06-14T13:33:56.478Z"}
{"level":"error","message":"Email already exists","status":400,"timestamp":"2025-06-14T13:33:56.488Z"}
{"level":"info","message":"POST /signup","timestamp":"2025-06-14T13:33:57.516Z"}
{"level":"error","message":"Email already exists","status":400,"timestamp":"2025-06-14T13:33:57.519Z"}
{"level":"info","message":"POST /signup","timestamp":"2025-06-14T13:33:58.295Z"}
{"level":"error","message":"Email already exists","status":400,"timestamp":"2025-06-14T13:33:58.300Z"}
{"level":"info","message":"Connected to PostgreSQL","timestamp":"2025-06-14T13:38:04.044Z"}
{"level":"info","message":"Prisma connection established","timestamp":"2025-06-14T13:38:04.045Z"}
{"level":"info","message":"Auth Service running on port 3001","timestamp":"2025-06-14T13:38:04.046Z"}
{"level":"info","message":"POST /signup","timestamp":"2025-06-14T13:39:03.369Z"}
{"email":"junuchammayil@gmail.com","level":"info","message":"User registered","timestamp":"2025-06-14T13:39:03.450Z","username":"Junaid_chm"}
{"level":"info","message":"Connected to PostgreSQL","timestamp":"2025-06-14T13:44:26.894Z"}
{"level":"info","message":"Prisma connection established","timestamp":"2025-06-14T13:44:26.896Z"}
{"level":"info","message":"Auth Service running on port 3001","timestamp":"2025-06-14T13:44:26.897Z"}
{"level":"info","message":"POST /signup","timestamp":"2025-06-14T13:44:51.457Z"}
{"email":"junuchammayil@gmail.com","level":"info","message":"User registered","timestamp":"2025-06-14T13:44:51.536Z","username":"Junaid_chm"}
{"level":"info","message":"POST /signup","timestamp":"2025-06-14T13:45:39.810Z"}
{"level":"error","message":"Email already exists","status":400,"timestamp":"2025-06-14T13:45:39.819Z"}
{"level":"info","message":"Connected to PostgreSQL","timestamp":"2025-06-14T13:50:06.324Z"}
{"level":"info","message":"Prisma connection established","timestamp":"2025-06-14T13:50:06.326Z"}
{"level":"info","message":"Auth Service running on port 3001","timestamp":"2025-06-14T13:50:06.327Z"}
{"level":"info","message":"POST /signup","timestamp":"2025-06-14T13:50:13.882Z"}
{"email":"junuchammayil@gmail.com","level":"info","message":"User registered","timestamp":"2025-06-14T13:50:13.949Z","username":"Junaid_chm"}
{"level":"info","message":"POST /signup","timestamp":"2025-06-14T13:50:36.515Z"}
{"level":"error","message":"Email already exists","status":400,"timestamp":"2025-06-14T13:50:36.521Z"}
{"level":"info","message":"Connected to PostgreSQL","timestamp":"2025-06-14T13:56:10.028Z"}
{"level":"info","message":"Prisma connection established","timestamp":"2025-06-14T13:56:10.030Z"}
{"level":"info","message":"Auth Service running on port 3001","timestamp":"2025-06-14T13:56:10.031Z"}
{"level":"info","message":"POST /signup","timestamp":"2025-06-14T13:56:44.261Z"}
{"email":"junuchammayil@gmail.com","level":"info","message":"User registered","timestamp":"2025-06-14T13:56:44.348Z","username":"Junaid_chm"}
